<?xml version="1.0" encoding="UTF-8"?>
<testng-results skipped="0" failed="1" ignored="0" total="1" passed="0">
  <reporter-output>
  </reporter-output>
  <suite name="Default suite" duration-ms="19298" started-at="2018-04-08T11:22:54Z" finished-at="2018-04-08T11:23:13Z">
    <groups>
    </groups>
    <test name="Default test" duration-ms="19298" started-at="2018-04-08T11:22:54Z" finished-at="2018-04-08T11:23:13Z">
      <class name="com.logiceinvoice.scripts.TestCreateCustomer">
        <test-method status="PASS" signature="openApplication()[pri:0, instance:com.logiceinvoice.scripts.TestCreateCustomer@343570b7]" name="openApplication" is-config="true" duration-ms="13254" started-at="2018-04-08T16:52:54Z" finished-at="2018-04-08T16:53:07Z">
          <reporter-output>
          </reporter-output>
        </test-method> <!-- openApplication -->
        <test-method status="FAIL" signature="testCreateCustomer()[pri:0, instance:com.logiceinvoice.scripts.TestCreateCustomer@343570b7]" name="testCreateCustomer" duration-ms="4920" started-at="2018-04-08T16:53:07Z" finished-at="2018-04-08T16:53:12Z">
          <exception class="java.lang.AssertionError">
            <message>
              <![CDATA[null]]>
            </message>
            <full-stacktrace>
              <![CDATA[java.lang.AssertionError: null
	at org.testng.Assert.fail(Assert.java:93)
	at org.testng.Assert.fail(Assert.java:100)
	at com.logiceinvoice.scripts.TestCreateCustomer.testCreateCustomer(TestCreateCustomer.java:50)
	at sun.reflect.NativeMethodAccessorImpl.invoke0(Native Method)
	at sun.reflect.NativeMethodAccessorImpl.invoke(Unknown Source)
	at sun.reflect.DelegatingMethodAccessorImpl.invoke(Unknown Source)
	at java.lang.reflect.Method.invoke(Unknown Source)
	at org.testng.internal.MethodInvocationHelper.invokeMethod(MethodInvocationHelper.java:108)
	at org.testng.internal.Invoker.invokeMethod(Invoker.java:669)
	at org.testng.internal.Invoker.invokeTestMethod(Invoker.java:877)
	at org.testng.internal.Invoker.invokeTestMethods(Invoker.java:1201)
	at org.testng.internal.TestMethodWorker.invokeTestMethods(TestMethodWorker.java:125)
	at org.testng.internal.TestMethodWorker.run(TestMethodWorker.java:109)
	at org.testng.TestRunner.privateRun(TestRunner.java:776)
	at org.testng.TestRunner.run(TestRunner.java:634)
	at org.testng.SuiteRunner.runTest(SuiteRunner.java:425)
	at org.testng.SuiteRunner.runSequentially(SuiteRunner.java:420)
	at org.testng.SuiteRunner.privateRun(SuiteRunner.java:385)
	at org.testng.SuiteRunner.run(SuiteRunner.java:334)
	at org.testng.SuiteRunnerWorker.runSuite(SuiteRunnerWorker.java:52)
	at org.testng.SuiteRunnerWorker.run(SuiteRunnerWorker.java:86)
	at org.testng.TestNG.runSuitesSequentially(TestNG.java:1318)
	at org.testng.TestNG.runSuitesLocally(TestNG.java:1243)
	at org.testng.TestNG.runSuites(TestNG.java:1161)
	at org.testng.TestNG.run(TestNG.java:1129)
	at org.testng.remote.AbstractRemoteTestNG.run(AbstractRemoteTestNG.java:114)
	at org.testng.remote.RemoteTestNG.initAndRun(RemoteTestNG.java:251)
	at org.testng.remote.RemoteTestNG.main(RemoteTestNG.java:77)
]]>
            </full-stacktrace>
          </exception> <!-- java.lang.AssertionError -->
          <reporter-output>
          </reporter-output>
        </test-method> <!-- testCreateCustomer -->
        <test-method status="PASS" signature="closeApplication(org.testng.ITestResult)[pri:0, instance:com.logiceinvoice.scripts.TestCreateCustomer@343570b7]" name="closeApplication" is-config="true" duration-ms="1093" started-at="2018-04-08T16:53:12Z" finished-at="2018-04-08T16:53:13Z">
          <params>
            <param index="0">
              <value>
                <![CDATA[[TestResult name=testCreateCustomer status=FAILURE method=TestCreateCustomer.testCreateCustomer()[pri:0, instance:com.logiceinvoice.scripts.TestCreateCustomer@343570b7] output={null}]]]>
              </value>
            </param>
          </params>
          <reporter-output>
          </reporter-output>
        </test-method> <!-- closeApplication -->
      </class> <!-- com.logiceinvoice.scripts.TestCreateCustomer -->
    </test> <!-- Default test -->
  </suite> <!-- Default suite -->
</testng-results>
